Using pre-set license
Built from '2020.3/release' branch; Version is '2020.3.1f1 (77a89f25062f) revision 7841951'; Using compiler version '192528614'; Build Type 'Release'
OS: 'Windows 10 Pro; OS build 18363.1500; Version 1909; 64bit' Language: 'es' Physical Memory: 16285 MB
BatchMode: 1, IsHumanControllingUs: 0, StartBugReporterOnCrash: 0, Is64bit: 1, IsPro: 0

 COMMAND LINE ARGUMENTS:
C:\Program Files\Unity\Hub\Editor\2020.3.1f1\Editor\Unity.exe
-adb2
-batchMode
-noUpm
-name
AssetImportWorker0
-projectPath
C:/Users/tony9/Desktop/PracticaT2-A
-logFile
Logs/AssetImportWorker0.log
-srvPort
55645
Successfully changed project path to: C:/Users/tony9/Desktop/PracticaT2-A
C:/Users/tony9/Desktop/PracticaT2-A
Using Asset Import Pipeline V2.
Refreshing native plugins compatible for Editor in 48.15 ms, found 1 plugins.
Preloading 0 native plugins for Editor in 0.00 ms.
Initialize engine version: 2020.3.1f1 (77a89f25062f)
[Subsystems] Discovering subsystems at path C:/Program Files/Unity/Hub/Editor/2020.3.1f1/Editor/Data/Resources/UnitySubsystems
[Subsystems] Discovering subsystems at path C:/Users/tony9/Desktop/PracticaT2-A/Assets
GfxDevice: creating device client; threaded=0
Direct3D:
    Version:  Direct3D 11.0 [level 11.0]
    Renderer: NVIDIA GeForce GTX 960M (ID=0x139b)
    Vendor:   
    VRAM:     2010 MB
    Driver:   27.21.14.5148
Initialize mono
Mono path[0] = 'C:/Program Files/Unity/Hub/Editor/2020.3.1f1/Editor/Data/Managed'
Mono path[1] = 'C:/Program Files/Unity/Hub/Editor/2020.3.1f1/Editor/Data/MonoBleedingEdge/lib/mono/unityjit'
Mono config path = 'C:/Program Files/Unity/Hub/Editor/2020.3.1f1/Editor/Data/MonoBleedingEdge/etc'
Using monoOptions --debugger-agent=transport=dt_socket,embedding=1,server=y,suspend=n,address=127.0.0.1:56068
Begin MonoManager ReloadAssembly
Registering precompiled unity dll's ...
Register platform support module: C:/Program Files/Unity/Hub/Editor/2020.3.1f1/Editor/Data/PlaybackEngines/WebGLSupport/UnityEditor.WebGL.Extensions.dll
Register platform support module: C:/Program Files/Unity/Hub/Editor/2020.3.1f1/Editor/Data/PlaybackEngines/WindowsStandaloneSupport/UnityEditor.WindowsStandalone.Extensions.dll
Registered in 0.005698 seconds.
Native extension for WindowsStandalone target not found
Native extension for WebGL target not found
Refreshing native plugins compatible for Editor in 47.36 ms, found 1 plugins.
Preloading 0 native plugins for Editor in 0.00 ms.
Invoked RoslynAnalysisRunner static constructor.
RoslynAnalysisRunner will not be running.
RoslynAnalysisRunner has terminated.
Mono: successfully reloaded assembly
- Completed reload, in  1.652 seconds
Platform modules already initialized, skipping
Registering precompiled user dll's ...
Registered in 0.003048 seconds.
Begin MonoManager ReloadAssembly
Native extension for WindowsStandalone target not found
Native extension for WebGL target not found
Refreshing native plugins compatible for Editor in 49.39 ms, found 1 plugins.
Preloading 0 native plugins for Editor in 0.00 ms.
Invoked RoslynAnalysisRunner static constructor.
RoslynAnalysisRunner will not be running.
RoslynAnalysisRunner has terminated.
Mono: successfully reloaded assembly
- Completed reload, in  1.266 seconds
Platform modules already initialized, skipping
========================================================================
Worker process is ready to serve import requests
Launched and connected shader compiler UnityShaderCompiler.exe after 0.07 seconds
Refreshing native plugins compatible for Editor in 0.37 ms, found 1 plugins.
Preloading 0 native plugins for Editor in 0.00 ms.
Unloading 1807 Unused Serialized files (Serialized files now loaded: 0)
System memory in use before: 84.6 MB.
System memory in use after: 84.6 MB.

Unloading 24 unused Assets to reduce memory usage. Loaded Objects now: 2250.
Total: 3.104700 ms (FindLiveObjects: 0.378600 ms CreateObjectMapping: 0.209600 ms MarkObjects: 2.318000 ms  DeleteObjects: 0.197200 ms)

========================================================================
Received Import Request.
  path: Assets/Animations/CatAnimation/Idle (1).controller
  artifactKey: Guid(a14effe0d6ec0194483c993d702aa69a) Importer(815301076,1909f56bfc062723c751e8b465ee728b)
Start importing Assets/Animations/CatAnimation/Idle (1).controller using Guid(a14effe0d6ec0194483c993d702aa69a) Importer(815301076,1909f56bfc062723c751e8b465ee728b)  -> (artifact id: 'ba5088151a5714e10fb392bd35953e2b') in 0.064750 seconds
  Import took 0.068606 seconds .

========================================================================
Received Import Request.
  Time since last request: 218.831442 seconds.
  path: Assets/Animations/CatAnimation/Slide.anim
  artifactKey: Guid(6dee7162b34b06f48bb5c8fd44bc96b6) Importer(815301076,1909f56bfc062723c751e8b465ee728b)
Start importing Assets/Animations/CatAnimation/Slide.anim using Guid(6dee7162b34b06f48bb5c8fd44bc96b6) Importer(815301076,1909f56bfc062723c751e8b465ee728b)  -> (artifact id: '10280592e1a94523707704a93f0a4569') in 0.013466 seconds
  Import took 0.017435 seconds .

========================================================================
Received Import Request.
  Time since last request: 0.004079 seconds.
  path: Assets/Animations/CatAnimation/Slide.anim
  artifactKey: Guid(6dee7162b34b06f48bb5c8fd44bc96b6) Importer(815301076,1909f56bfc062723c751e8b465ee728b)
Start importing Assets/Animations/CatAnimation/Slide.anim using Guid(6dee7162b34b06f48bb5c8fd44bc96b6) Importer(815301076,1909f56bfc062723c751e8b465ee728b)  -> (artifact id: '10280592e1a94523707704a93f0a4569') in 0.009923 seconds
  Import took 0.013999 seconds .

========================================================================
Received Import Request.
  Time since last request: 9.902507 seconds.
  path: Assets/Animations/CatAnimation/CatAnimation.controller
  artifactKey: Guid(a14effe0d6ec0194483c993d702aa69a) Importer(815301076,1909f56bfc062723c751e8b465ee728b)
Start importing Assets/Animations/CatAnimation/CatAnimation.controller using Guid(a14effe0d6ec0194483c993d702aa69a) Importer(815301076,1909f56bfc062723c751e8b465ee728b)  -> (artifact id: 'f9ed7b8de02f949ef365e72e97a0c8dc') in 0.009038 seconds
  Import took 0.014805 seconds .

========================================================================
Received Import Request.
  Time since last request: 2.455992 seconds.
  path: Assets/Animations/CatAnimation/CatAnimation.anim
  artifactKey: Guid(3ba51b4506d07dc4990933e984843db9) Importer(815301076,1909f56bfc062723c751e8b465ee728b)
Start importing Assets/Animations/CatAnimation/CatAnimation.anim using Guid(3ba51b4506d07dc4990933e984843db9) Importer(815301076,1909f56bfc062723c751e8b465ee728b)  -> (artifact id: 'cac9142dedab0d807f3235ca3531b86e') in 0.008306 seconds
  Import took 0.013400 seconds .

========================================================================
Received Import Request.
  Time since last request: 6.543187 seconds.
  path: Assets/Animations/CatAnimation/Idle.anim
  artifactKey: Guid(3ba51b4506d07dc4990933e984843db9) Importer(815301076,1909f56bfc062723c751e8b465ee728b)
Start importing Assets/Animations/CatAnimation/Idle.anim using Guid(3ba51b4506d07dc4990933e984843db9) Importer(815301076,1909f56bfc062723c751e8b465ee728b)  -> (artifact id: 'a6681950038d51f3ac5a84d7515f9d4d') in 0.007651 seconds
  Import took 0.011995 seconds .

========================================================================
Received Prepare
Registering precompiled user dll's ...
Registered in 0.002207 seconds.
Begin MonoManager ReloadAssembly
Native extension for WindowsStandalone target not found
Native extension for WebGL target not found
Refreshing native plugins compatible for Editor in 0.52 ms, found 1 plugins.
Preloading 0 native plugins for Editor in 0.00 ms.
Invoked RoslynAnalysisRunner static constructor.
RoslynAnalysisRunner will not be running.
RoslynAnalysisRunner has terminated.
Mono: successfully reloaded assembly
- Completed reload, in  1.147 seconds
Platform modules already initialized, skipping
Refreshing native plugins compatible for Editor in 0.45 ms, found 1 plugins.
Preloading 0 native plugins for Editor in 0.00 ms.
Unloading 1802 Unused Serialized files (Serialized files now loaded: 0)
System memory in use before: 84.6 MB.
System memory in use after: 84.6 MB.

Unloading 12 unused Assets to reduce memory usage. Loaded Objects now: 2254.
Total: 2.354800 ms (FindLiveObjects: 0.195500 ms CreateObjectMapping: 0.073300 ms MarkObjects: 1.924300 ms  DeleteObjects: 0.160900 ms)

========================================================================
Received Import Request.
  Time since last request: 385.120111 seconds.
  path: Assets/Animations/MonedaAnimation/MonedaIdle.anim
  artifactKey: Guid(240917a4f6cf83c4aaac8434d3adbfea) Importer(815301076,1909f56bfc062723c751e8b465ee728b)
Start importing Assets/Animations/MonedaAnimation/MonedaIdle.anim using Guid(240917a4f6cf83c4aaac8434d3adbfea) Importer(815301076,1909f56bfc062723c751e8b465ee728b)  -> (artifact id: '408e43b34cc4947f378aaf62491a6291') in 0.018322 seconds
  Import took 0.022528 seconds .

========================================================================
Received Import Request.
  Time since last request: 1.034534 seconds.
  path: Assets/Animations/MonedaAnimation/Bronze_1.controller
  artifactKey: Guid(7510c381b0cbeb244875d4c230599bcc) Importer(815301076,1909f56bfc062723c751e8b465ee728b)
Start importing Assets/Animations/MonedaAnimation/Bronze_1.controller using Guid(7510c381b0cbeb244875d4c230599bcc) Importer(815301076,1909f56bfc062723c751e8b465ee728b)  -> (artifact id: 'c3a8f07c27b8a1025f098d7ccae1f509') in 0.009146 seconds
  Import took 0.012707 seconds .

========================================================================
Received Prepare
Registering precompiled user dll's ...
Registered in 0.001901 seconds.
Begin MonoManager ReloadAssembly
Native extension for WindowsStandalone target not found
Native extension for WebGL target not found
Refreshing native plugins compatible for Editor in 0.40 ms, found 1 plugins.
Preloading 0 native plugins for Editor in 0.00 ms.
Invoked RoslynAnalysisRunner static constructor.
RoslynAnalysisRunner will not be running.
RoslynAnalysisRunner has terminated.
Mono: successfully reloaded assembly
- Completed reload, in  1.131 seconds
Platform modules already initialized, skipping
Refreshing native plugins compatible for Editor in 0.47 ms, found 1 plugins.
Preloading 0 native plugins for Editor in 0.00 ms.
Unloading 1802 Unused Serialized files (Serialized files now loaded: 0)
System memory in use before: 84.6 MB.
System memory in use after: 84.6 MB.

Unloading 12 unused Assets to reduce memory usage. Loaded Objects now: 2258.
Total: 2.588600 ms (FindLiveObjects: 0.204600 ms CreateObjectMapping: 0.121200 ms MarkObjects: 2.121900 ms  DeleteObjects: 0.139500 ms)

========================================================================
Received Import Request.
  Time since last request: 43.657345 seconds.
  path: Assets/Animations/MonedaAnimation/Bronze_1.controller
  artifactKey: Guid(7510c381b0cbeb244875d4c230599bcc) Importer(815301076,1909f56bfc062723c751e8b465ee728b)
Start importing Assets/Animations/MonedaAnimation/Bronze_1.controller using Guid(7510c381b0cbeb244875d4c230599bcc) Importer(815301076,1909f56bfc062723c751e8b465ee728b)  -> (artifact id: '0c3576a889963e647d2cf67a6907edf6') in 0.019868 seconds
  Import took 0.025249 seconds .

========================================================================
Received Import Request.
  Time since last request: 0.001362 seconds.
  path: Assets/Animations/MonedaAnimation/Bronze_1.controller
  artifactKey: Guid(7510c381b0cbeb244875d4c230599bcc) Importer(815301076,1909f56bfc062723c751e8b465ee728b)
Start importing Assets/Animations/MonedaAnimation/Bronze_1.controller using Guid(7510c381b0cbeb244875d4c230599bcc) Importer(815301076,1909f56bfc062723c751e8b465ee728b)  -> (artifact id: '0c3576a889963e647d2cf67a6907edf6') in 0.007018 seconds
  Import took 0.010970 seconds .

========================================================================
Received Import Request.
  Time since last request: 119.344365 seconds.
  path: Assets/Animations/CatAnimation/Idle.anim
  artifactKey: Guid(3ba51b4506d07dc4990933e984843db9) Importer(815301076,1909f56bfc062723c751e8b465ee728b)
Start importing Assets/Animations/CatAnimation/Idle.anim using Guid(3ba51b4506d07dc4990933e984843db9) Importer(815301076,1909f56bfc062723c751e8b465ee728b)  -> (artifact id: '66c45fd49160d42ab63b2dbbde2443c3') in 0.006859 seconds
  Import took 0.010065 seconds .

========================================================================
Received Import Request.
  Time since last request: 0.004815 seconds.
  path: Assets/Animations/CatAnimation/Idle.anim
  artifactKey: Guid(3ba51b4506d07dc4990933e984843db9) Importer(815301076,1909f56bfc062723c751e8b465ee728b)
Start importing Assets/Animations/CatAnimation/Idle.anim using Guid(3ba51b4506d07dc4990933e984843db9) Importer(815301076,1909f56bfc062723c751e8b465ee728b)  -> (artifact id: '66c45fd49160d42ab63b2dbbde2443c3') in 0.006473 seconds
  Import took 0.010513 seconds .

========================================================================
Received Import Request.
  Time since last request: 2.110702 seconds.
  path: Assets/Animations/CatAnimation/Idle (1).controller
  artifactKey: Guid(2cd2edeb3346eba46991fc1b9a07ede8) Importer(815301076,1909f56bfc062723c751e8b465ee728b)
Start importing Assets/Animations/CatAnimation/Idle (1).controller using Guid(2cd2edeb3346eba46991fc1b9a07ede8) Importer(815301076,1909f56bfc062723c751e8b465ee728b)  -> (artifact id: '44732eec732bf0925eb9223123c31468') in 0.005956 seconds
  Import took 0.010869 seconds .

========================================================================
Received Prepare
Registering precompiled user dll's ...
Registered in 0.002100 seconds.
Begin MonoManager ReloadAssembly
Native extension for WindowsStandalone target not found
Native extension for WebGL target not found
Refreshing native plugins compatible for Editor in 0.38 ms, found 1 plugins.
Preloading 0 native plugins for Editor in 0.00 ms.
Invoked RoslynAnalysisRunner static constructor.
RoslynAnalysisRunner will not be running.
RoslynAnalysisRunner has terminated.
Mono: successfully reloaded assembly
- Completed reload, in  1.301 seconds
Platform modules already initialized, skipping
Refreshing native plugins compatible for Editor in 0.38 ms, found 1 plugins.
Preloading 0 native plugins for Editor in 0.00 ms.
Unloading 1802 Unused Serialized files (Serialized files now loaded: 0)
System memory in use before: 84.6 MB.
System memory in use after: 84.6 MB.

Unloading 12 unused Assets to reduce memory usage. Loaded Objects now: 2262.
Total: 2.413900 ms (FindLiveObjects: 0.295900 ms CreateObjectMapping: 0.079900 ms MarkObjects: 1.867700 ms  DeleteObjects: 0.169500 ms)

========================================================================
Received Prepare
Registering precompiled user dll's ...
Registered in 0.004896 seconds.
Begin MonoManager ReloadAssembly
Native extension for WindowsStandalone target not found
Native extension for WebGL target not found
Refreshing native plugins compatible for Editor in 0.43 ms, found 1 plugins.
Preloading 0 native plugins for Editor in 0.00 ms.
Invoked RoslynAnalysisRunner static constructor.
RoslynAnalysisRunner will not be running.
RoslynAnalysisRunner has terminated.
Mono: successfully reloaded assembly
- Completed reload, in  1.442 seconds
Platform modules already initialized, skipping
Refreshing native plugins compatible for Editor in 0.52 ms, found 1 plugins.
Preloading 0 native plugins for Editor in 0.00 ms.
Unloading 1802 Unused Serialized files (Serialized files now loaded: 0)
System memory in use before: 84.7 MB.
System memory in use after: 84.6 MB.

Unloading 12 unused Assets to reduce memory usage. Loaded Objects now: 2266.
Total: 2.419400 ms (FindLiveObjects: 0.204500 ms CreateObjectMapping: 0.091900 ms MarkObjects: 1.975500 ms  DeleteObjects: 0.145900 ms)

========================================================================
Received Prepare
Registering precompiled user dll's ...
Registered in 0.002406 seconds.
Begin MonoManager ReloadAssembly
Native extension for WindowsStandalone target not found
Native extension for WebGL target not found
Refreshing native plugins compatible for Editor in 0.63 ms, found 1 plugins.
Preloading 0 native plugins for Editor in 0.00 ms.
Invoked RoslynAnalysisRunner static constructor.
RoslynAnalysisRunner will not be running.
RoslynAnalysisRunner has terminated.
Mono: successfully reloaded assembly
- Completed reload, in  1.471 seconds
Platform modules already initialized, skipping
Refreshing native plugins compatible for Editor in 0.37 ms, found 1 plugins.
Preloading 0 native plugins for Editor in 0.00 ms.
Unloading 1802 Unused Serialized files (Serialized files now loaded: 0)
System memory in use before: 84.7 MB.
System memory in use after: 84.7 MB.

Unloading 12 unused Assets to reduce memory usage. Loaded Objects now: 2270.
Total: 2.562200 ms (FindLiveObjects: 0.215900 ms CreateObjectMapping: 0.087800 ms MarkObjects: 2.129700 ms  DeleteObjects: 0.127700 ms)

========================================================================
Received Prepare
Registering precompiled user dll's ...
Registered in 0.002080 seconds.
Begin MonoManager ReloadAssembly
Native extension for WindowsStandalone target not found
Native extension for WebGL target not found
Refreshing native plugins compatible for Editor in 0.43 ms, found 1 plugins.
Preloading 0 native plugins for Editor in 0.00 ms.
Invoked RoslynAnalysisRunner static constructor.
RoslynAnalysisRunner will not be running.
RoslynAnalysisRunner has terminated.
Mono: successfully reloaded assembly
- Completed reload, in  1.300 seconds
Platform modules already initialized, skipping
Refreshing native plugins compatible for Editor in 0.37 ms, found 1 plugins.
Preloading 0 native plugins for Editor in 0.00 ms.
Unloading 1802 Unused Serialized files (Serialized files now loaded: 0)
System memory in use before: 84.7 MB.
System memory in use after: 84.7 MB.

Unloading 12 unused Assets to reduce memory usage. Loaded Objects now: 2274.
Total: 5.889900 ms (FindLiveObjects: 0.705100 ms CreateObjectMapping: 0.574700 ms MarkObjects: 4.426200 ms  DeleteObjects: 0.182500 ms)

AssetImportWorkerClient::OnTransportError - code=2 error=End of file
